2026-03-28 19:59:59,584 - werkzeug - INFO - [31m[1mWARNING: This is a development server. Do not use it in a production deployment. Use a production WSGI server instead.[0m
 * Running on all addresses (0.0.0.0)
 * Running on http://127.0.0.1:5000
 * Running on http://192.168.1.5:5000
2026-03-28 19:59:59,584 - werkzeug - INFO - [33mPress CTRL+C to quit[0m
2026-03-28 20:00:14,314 - werkzeug - INFO - 127.0.0.1 - - [28/Mar/2026 20:00:14] "GET / HTTP/1.1" 200 -
2026-03-28 20:00:14,479 - werkzeug - INFO - 127.0.0.1 - - [28/Mar/2026 20:00:14] "GET /api/status HTTP/1.1" 200 -
2026-03-28 20:00:14,556 - werkzeug - INFO - 127.0.0.1 - - [28/Mar/2026 20:00:14] "[33mGET /favicon.ico HTTP/1.1[0m" 404 -
2026-03-28 20:00:17,419 - __main__ - WARNING - Stored token invalid: Expecting value: line 1 column 1 (char 0)
2026-03-28 20:00:36,772 - werkzeug - INFO - 127.0.0.1 - - [28/Mar/2026 20:00:36] "[33mGET /callback?action=login&type=login&status=success&request_token=JTeVNpwL0xGGt1JJqx0T44eyAlIgZYpb HTTP/1.1[0m" 404 -
2026-03-28 20:08:15,007 - werkzeug - INFO - 127.0.0.1 - - [28/Mar/2026 20:08:15] "GET / HTTP/1.1" 200 -
2026-03-28 20:08:15,185 - werkzeug - INFO - 127.0.0.1 - - [28/Mar/2026 20:08:15] "GET /api/status HTTP/1.1" 200 -
2026-03-28 20:08:15,272 - kite_intraday_scanner - ERROR - Exception on /api/pinned [GET]
Traceback (most recent call last):
  File "C:\Users\rahul\AppData\Local\Programs\Python\Python310\lib\site-packages\flask\app.py", line 2190, in wsgi_app
    response = self.full_dispatch_request()
  File "C:\Users\rahul\AppData\Local\Programs\Python\Python310\lib\site-packages\flask\app.py", line 1486, in full_dispatch_request
    rv = self.handle_user_exception(e)
  File "C:\Users\rahul\AppData\Local\Programs\Python\Python310\lib\site-packages\flask\app.py", line 1484, in full_dispatch_request
    rv = self.dispatch_request()
  File "C:\Users\rahul\AppData\Local\Programs\Python\Python310\lib\site-packages\flask\app.py", line 1469, in dispatch_request
    return self.ensure_sync(self.view_functions[rule.endpoint])(**view_args)
  File "C:\Users\rahul\OneDrive\Desktop\Screener\kite_intraday_scanner.py", line 525, in decorated
  File "C:\Users\rahul\OneDrive\Desktop\Screener\kite_intraday_scanner.py", line 608, in api_get_pinned
AttributeError: 'NoneType' object has no attribute 'get_pinned_with_prices'
2026-03-28 20:08:15,290 - werkzeug - INFO - 127.0.0.1 - - [28/Mar/2026 20:08:15] "[35m[1mGET /api/pinned HTTP/1.1[0m" 500 -
2026-03-28 20:08:22,014 - kite_intraday_scanner - ERROR - Exception on /api/pinned [GET]
Traceback (most recent call last):
  File "C:\Users\rahul\AppData\Local\Programs\Python\Python310\lib\site-packages\flask\app.py", line 2190, in wsgi_app
    response = self.full_dispatch_request()
  File "C:\Users\rahul\AppData\Local\Programs\Python\Python310\lib\site-packages\flask\app.py", line 1486, in full_dispatch_request
    rv = self.handle_user_exception(e)
  File "C:\Users\rahul\AppData\Local\Programs\Python\Python310\lib\site-packages\flask\app.py", line 1484, in full_dispatch_request
    rv = self.dispatch_request()
  File "C:\Users\rahul\AppData\Local\Programs\Python\Python310\lib\site-packages\flask\app.py", line 1469, in dispatch_request
    return self.ensure_sync(self.view_functions[rule.endpoint])(**view_args)
  File "C:\Users\rahul\OneDrive\Desktop\Screener\kite_intraday_scanner.py", line 525, in decorated
  File "C:\Users\rahul\OneDrive\Desktop\Screener\kite_intraday_scanner.py", line 608, in api_get_pinned
AttributeError: 'NoneType' object has no attribute 'get_pinned_with_prices'
2026-03-28 20:08:22,016 - werkzeug - INFO - 127.0.0.1 - - [28/Mar/2026 20:08:22] "[35m[1mGET /api/pinned HTTP/1.1[0m" 500 -
2026-03-28 20:08:28,664 - werkzeug - INFO - 127.0.0.1 - - [28/Mar/2026 20:08:28] "POST /api/scan HTTP/1.1" 200 -
2026-03-28 20:08:31,001 - werkzeug - INFO - 127.0.0.1 - - [28/Mar/2026 20:08:31] "GET /api/scan/results HTTP/1.1" 200 -
2026-03-28 20:08:32,688 - werkzeug - INFO - 127.0.0.1 - - [28/Mar/2026 20:08:32] "GET /api/scan/results HTTP/1.1" 200 -
2026-03-28 20:08:35,002 - werkzeug - INFO - 127.0.0.1 - - [28/Mar/2026 20:08:35] "GET /api/scan/results HTTP/1.1" 200 -
2026-03-28 20:08:36,668 - werkzeug - INFO - 127.0.0.1 - - [28/Mar/2026 20:08:36] "GET /api/scan/results HTTP/1.1" 200 -
2026-03-28 20:08:39,003 - werkzeug - INFO - 127.0.0.1 - - [28/Mar/2026 20:08:39] "GET /api/scan/results HTTP/1.1" 200 -
2026-03-28 20:08:40,688 - werkzeug - INFO - 127.0.0.1 - - [28/Mar/2026 20:08:40] "GET /api/scan/results HTTP/1.1" 200 -
2026-03-28 20:08:43,838 - werkzeug - INFO - 127.0.0.1 - - [28/Mar/2026 20:08:43] "GET /api/scan/results HTTP/1.1" 200 -
2026-03-28 20:08:45,522 - werkzeug - INFO - 127.0.0.1 - - [28/Mar/2026 20:08:45] "GET /api/scan/results HTTP/1.1" 200 -
2026-03-28 20:08:47,868 - werkzeug - INFO - 127.0.0.1 - - [28/Mar/2026 20:08:47] "GET /api/scan/results HTTP/1.1" 200 -
2026-03-28 20:08:48,688 - werkzeug - INFO - 127.0.0.1 - - [28/Mar/2026 20:08:48] "GET /api/scan/results HTTP/1.1" 200 -
2026-03-28 20:08:51,001 - werkzeug - INFO - 127.0.0.1 - - [28/Mar/2026 20:08:51] "GET /api/scan/results HTTP/1.1" 200 -
2026-03-28 20:08:53,522 - werkzeug - INFO - 127.0.0.1 - - [28/Mar/2026 20:08:53] "GET /api/scan/results HTTP/1.1" 200 -
2026-03-28 20:08:55,834 - werkzeug - INFO - 127.0.0.1 - - [28/Mar/2026 20:08:55] "GET /api/scan/results HTTP/1.1" 200 -
2026-03-28 20:08:57,518 - werkzeug - INFO - 127.0.0.1 - - [28/Mar/2026 20:08:57] "GET /api/scan/results HTTP/1.1" 200 -
2026-03-28 20:08:59,752 - werkzeug - INFO - 127.0.0.1 - - [28/Mar/2026 20:08:59] "GET /api/scan/results HTTP/1.1" 200 -
2026-03-28 20:09:00,688 - werkzeug - INFO - 127.0.0.1 - - [28/Mar/2026 20:09:00] "GET /api/scan/results HTTP/1.1" 200 -
2026-03-28 20:09:03,003 - werkzeug - INFO - 127.0.0.1 - - [28/Mar/2026 20:09:03] "GET /api/scan/results HTTP/1.1" 200 -
2026-03-28 20:09:04,689 - werkzeug - INFO - 127.0.0.1 - - [28/Mar/2026 20:09:04] "GET /api/scan/results HTTP/1.1" 200 -
2026-03-28 20:09:07,835 - werkzeug - INFO - 127.0.0.1 - - [28/Mar/2026 20:09:07] "GET /api/scan/results HTTP/1.1" 200 -
2026-03-28 20:09:08,684 - werkzeug - INFO - 127.0.0.1 - - [28/Mar/2026 20:09:08] "GET /api/scan/results HTTP/1.1" 200 -
2026-03-28 20:09:11,836 - werkzeug - INFO - 127.0.0.1 - - [28/Mar/2026 20:09:11] "GET /api/scan/results HTTP/1.1" 200 -
2026-03-28 20:09:13,531 - werkzeug - INFO - 127.0.0.1 - - [28/Mar/2026 20:09:13] "GET /api/scan/results HTTP/1.1" 200 -
2026-03-28 20:09:15,831 - werkzeug - INFO - 127.0.0.1 - - [28/Mar/2026 20:09:15] "GET /api/scan/results HTTP/1.1" 200 -
2026-03-28 20:09:17,525 - werkzeug - INFO - 127.0.0.1 - - [28/Mar/2026 20:09:17] "GET /api/scan/results HTTP/1.1" 200 -
2026-03-28 20:09:19,835 - werkzeug - INFO - 127.0.0.1 - - [28/Mar/2026 20:09:19] "GET /api/scan/results HTTP/1.1" 200 -
2026-03-28 20:09:21,522 - werkzeug - INFO - 127.0.0.1 - - [28/Mar/2026 20:09:21] "GET /api/scan/results HTTP/1.1" 200 -
2026-03-28 20:09:23,102 - werkzeug - INFO - 127.0.0.1 - - [28/Mar/2026 20:09:23] "GET /api/scan/results HTTP/1.1" 200 -
2026-03-28 20:09:24,684 - werkzeug - INFO - 127.0.0.1 - - [28/Mar/2026 20:09:24] "GET /api/scan/results HTTP/1.1" 200 -
2026-03-28 20:09:27,373 - werkzeug - INFO - 127.0.0.1 - - [28/Mar/2026 20:09:27] "GET /api/scan/results HTTP/1.1" 200 -
2026-03-28 20:09:29,523 - werkzeug - INFO - 127.0.0.1 - - [28/Mar/2026 20:09:29] "GET /api/scan/results HTTP/1.1" 200 -
2026-03-28 20:09:31,834 - werkzeug - INFO - 127.0.0.1 - - [28/Mar/2026 20:09:31] "GET /api/scan/results HTTP/1.1" 200 -
2026-03-28 20:09:33,520 - werkzeug - INFO - 127.0.0.1 - - [28/Mar/2026 20:09:33] "GET /api/scan/results HTTP/1.1" 200 -
2026-03-28 20:09:35,823 - werkzeug - INFO - 127.0.0.1 - - [28/Mar/2026 20:09:35] "GET /api/scan/results HTTP/1.1" 200 -
2026-03-28 20:09:37,520 - werkzeug - INFO - 127.0.0.1 - - [28/Mar/2026 20:09:37] "GET /api/scan/results HTTP/1.1" 200 -
2026-03-28 20:09:39,824 - werkzeug - INFO - 127.0.0.1 - - [28/Mar/2026 20:09:39] "GET /api/scan/results HTTP/1.1" 200 -
2026-03-28 20:09:41,202 - werkzeug - INFO - 127.0.0.1 - - [28/Mar/2026 20:09:41] "GET / HTTP/1.1" 200 -
2026-03-28 20:09:41,505 - werkzeug - INFO - 127.0.0.1 - - [28/Mar/2026 20:09:41] "GET /api/status HTTP/1.1" 200 -
2026-03-28 20:09:41,827 - kite_intraday_scanner - ERROR - Exception on /api/pinned [GET]
Traceback (most recent call last):
  File "C:\Users\rahul\AppData\Local\Programs\Python\Python310\lib\site-packages\flask\app.py", line 2190, in wsgi_app
    response = self.full_dispatch_request()
  File "C:\Users\rahul\AppData\Local\Programs\Python\Python310\lib\site-packages\flask\app.py", line 1486, in full_dispatch_request
    rv = self.handle_user_exception(e)
  File "C:\Users\rahul\AppData\Local\Programs\Python\Python310\lib\site-packages\flask\app.py", line 1484, in full_dispatch_request
    rv = self.dispatch_request()
  File "C:\Users\rahul\AppData\Local\Programs\Python\Python310\lib\site-packages\flask\app.py", line 1469, in dispatch_request
    return self.ensure_sync(self.view_functions[rule.endpoint])(**view_args)
  File "C:\Users\rahul\OneDrive\Desktop\Screener\kite_intraday_scanner.py", line 525, in decorated
  File "C:\Users\rahul\OneDrive\Desktop\Screener\kite_intraday_scanner.py", line 608, in api_get_pinned
AttributeError: 'NoneType' object has no attribute 'get_pinned_with_prices'
2026-03-28 20:09:41,830 - werkzeug - INFO - 127.0.0.1 - - [28/Mar/2026 20:09:41] "GET /api/scan/results HTTP/1.1" 200 -
2026-03-28 20:09:41,832 - werkzeug - INFO - 127.0.0.1 - - [28/Mar/2026 20:09:41] "[35m[1mGET /api/pinned HTTP/1.1[0m" 500 -
2026-03-28 20:09:42,928 - werkzeug - INFO - 127.0.0.1 - - [28/Mar/2026 20:09:42] "GET /api/scan/results HTTP/1.1" 200 -
2026-03-28 20:09:45,628 - werkzeug - INFO - 127.0.0.1 - - [28/Mar/2026 20:09:45] "GET / HTTP/1.1" 200 -
2026-03-28 20:09:45,697 - werkzeug - INFO - 127.0.0.1 - - [28/Mar/2026 20:09:45] "GET /api/status HTTP/1.1" 200 -
2026-03-28 20:09:45,878 - kite_intraday_scanner - ERROR - Exception on /api/pinned [GET]
Traceback (most recent call last):
  File "C:\Users\rahul\AppData\Local\Programs\Python\Python310\lib\site-packages\flask\app.py", line 2190, in wsgi_app
    response = self.full_dispatch_request()
  File "C:\Users\rahul\AppData\Local\Programs\Python\Python310\lib\site-packages\flask\app.py", line 1486, in full_dispatch_request
    rv = self.handle_user_exception(e)
  File "C:\Users\rahul\AppData\Local\Programs\Python\Python310\lib\site-packages\flask\app.py", line 1484, in full_dispatch_request
    rv = self.dispatch_request()
  File "C:\Users\rahul\AppData\Local\Programs\Python\Python310\lib\site-packages\flask\app.py", line 1469, in dispatch_request
    return self.ensure_sync(self.view_functions[rule.endpoint])(**view_args)
  File "C:\Users\rahul\OneDrive\Desktop\Screener\kite_intraday_scanner.py", line 525, in decorated
  File "C:\Users\rahul\OneDrive\Desktop\Screener\kite_intraday_scanner.py", line 608, in api_get_pinned
AttributeError: 'NoneType' object has no attribute 'get_pinned_with_prices'
2026-03-28 20:09:45,880 - werkzeug - INFO - 127.0.0.1 - - [28/Mar/2026 20:09:45] "[35m[1mGET /api/pinned HTTP/1.1[0m" 500 -
2026-03-28 20:09:46,688 - werkzeug - INFO - 127.0.0.1 - - [28/Mar/2026 20:09:46] "GET / HTTP/1.1" 200 -
2026-03-28 20:09:46,743 - werkzeug - INFO - 127.0.0.1 - - [28/Mar/2026 20:09:46] "GET /api/status HTTP/1.1" 200 -
2026-03-28 20:09:46,955 - kite_intraday_scanner - ERROR - Exception on /api/pinned [GET]
Traceback (most recent call last):
  File "C:\Users\rahul\AppData\Local\Programs\Python\Python310\lib\site-packages\flask\app.py", line 2190, in wsgi_app
    response = self.full_dispatch_request()
  File "C:\Users\rahul\AppData\Local\Programs\Python\Python310\lib\site-packages\flask\app.py", line 1486, in full_dispatch_request
    rv = self.handle_user_exception(e)
  File "C:\Users\rahul\AppData\Local\Programs\Python\Python310\lib\site-packages\flask\app.py", line 1484, in full_dispatch_request
    rv = self.dispatch_request()
  File "C:\Users\rahul\AppData\Local\Programs\Python\Python310\lib\site-packages\flask\app.py", line 1469, in dispatch_request
    return self.ensure_sync(self.view_functions[rule.endpoint])(**view_args)
  File "C:\Users\rahul\OneDrive\Desktop\Screener\kite_intraday_scanner.py", line 525, in decorated
  File "C:\Users\rahul\OneDrive\Desktop\Screener\kite_intraday_scanner.py", line 608, in api_get_pinned
AttributeError: 'NoneType' object has no attribute 'get_pinned_with_prices'
2026-03-28 20:09:46,958 - werkzeug - INFO - 127.0.0.1 - - [28/Mar/2026 20:09:46] "[35m[1mGET /api/pinned HTTP/1.1[0m" 500 -
2026-03-28 20:09:50,689 - kite_intraday_scanner - ERROR - Exception on /api/pinned [GET]
Traceback (most recent call last):
  File "C:\Users\rahul\AppData\Local\Programs\Python\Python310\lib\site-packages\flask\app.py", line 2190, in wsgi_app
    response = self.full_dispatch_request()
  File "C:\Users\rahul\AppData\Local\Programs\Python\Python310\lib\site-packages\flask\app.py", line 1486, in full_dispatch_request
    rv = self.handle_user_exception(e)
  File "C:\Users\rahul\AppData\Local\Programs\Python\Python310\lib\site-packages\flask\app.py", line 1484, in full_dispatch_request
    rv = self.dispatch_request()
  File "C:\Users\rahul\AppData\Local\Programs\Python\Python310\lib\site-packages\flask\app.py", line 1469, in dispatch_request
    return self.ensure_sync(self.view_functions[rule.endpoint])(**view_args)
  File "C:\Users\rahul\OneDrive\Desktop\Screener\kite_intraday_scanner.py", line 525, in decorated
  File "C:\Users\rahul\OneDrive\Desktop\Screener\kite_intraday_scanner.py", line 608, in api_get_pinned
AttributeError: 'NoneType' object has no attribute 'get_pinned_with_prices'
2026-03-28 20:09:50,690 - werkzeug - INFO - 127.0.0.1 - - [28/Mar/2026 20:09:50] "[35m[1mGET /api/pinned HTTP/1.1[0m" 500 -
2026-03-28 20:09:51,737 - kite_intraday_scanner - ERROR - Exception on /api/pinned [GET]
Traceback (most recent call last):
  File "C:\Users\rahul\AppData\Local\Programs\Python\Python310\lib\site-packages\flask\app.py", line 2190, in wsgi_app
    response = self.full_dispatch_request()
  File "C:\Users\rahul\AppData\Local\Programs\Python\Python310\lib\site-packages\flask\app.py", line 1486, in full_dispatch_request
    rv = self.handle_user_exception(e)
  File "C:\Users\rahul\AppData\Local\Programs\Python\Python310\lib\site-packages\flask\app.py", line 1484, in full_dispatch_request
    rv = self.dispatch_request()
  File "C:\Users\rahul\AppData\Local\Programs\Python\Python310\lib\site-packages\flask\app.py", line 1469, in dispatch_request
    return self.ensure_sync(self.view_functions[rule.endpoint])(**view_args)
  File "C:\Users\rahul\OneDrive\Desktop\Screener\kite_intraday_scanner.py", line 525, in decorated
  File "C:\Users\rahul\OneDrive\Desktop\Screener\kite_intraday_scanner.py", line 608, in api_get_pinned
AttributeError: 'NoneType' object has no attribute 'get_pinned_with_prices'
2026-03-28 20:09:51,739 - werkzeug - INFO - 127.0.0.1 - - [28/Mar/2026 20:09:51] "[35m[1mGET /api/pinned HTTP/1.1[0m" 500 -
2026-03-28 20:09:52,053 - kite_intraday_scanner - ERROR - Exception on /api/pinned [GET]
Traceback (most recent call last):
  File "C:\Users\rahul\AppData\Local\Programs\Python\Python310\lib\site-packages\flask\app.py", line 2190, in wsgi_app
    response = self.full_dispatch_request()
  File "C:\Users\rahul\AppData\Local\Programs\Python\Python310\lib\site-packages\flask\app.py", line 1486, in full_dispatch_request
    rv = self.handle_user_exception(e)
  File "C:\Users\rahul\AppData\Local\Programs\Python\Python310\lib\site-packages\flask\app.py", line 1484, in full_dispatch_request
    rv = self.dispatch_request()
  File "C:\Users\rahul\AppData\Local\Programs\Python\Python310\lib\site-packages\flask\app.py", line 1469, in dispatch_request
    return self.ensure_sync(self.view_functions[rule.endpoint])(**view_args)
  File "C:\Users\rahul\OneDrive\Desktop\Screener\kite_intraday_scanner.py", line 525, in decorated
  File "C:\Users\rahul\OneDrive\Desktop\Screener\kite_intraday_scanner.py", line 608, in api_get_pinned
AttributeError: 'NoneType' object has no attribute 'get_pinned_with_prices'
2026-03-28 20:09:52,053 - werkzeug - INFO - 127.0.0.1 - - [28/Mar/2026 20:09:52] "[35m[1mGET /api/pinned HTTP/1.1[0m" 500 -
2026-03-28 20:09:57,520 - kite_intraday_scanner - ERROR - Exception on /api/pinned [GET]
Traceback (most recent call last):
  File "C:\Users\rahul\AppData\Local\Programs\Python\Python310\lib\site-packages\flask\app.py", line 2190, in wsgi_app
    response = self.full_dispatch_request()
  File "C:\Users\rahul\AppData\Local\Programs\Python\Python310\lib\site-packages\flask\app.py", line 1486, in full_dispatch_request
    rv = self.handle_user_exception(e)
  File "C:\Users\rahul\AppData\Local\Programs\Python\Python310\lib\site-packages\flask\app.py", line 1484, in full_dispatch_request
    rv = self.dispatch_request()
  File "C:\Users\rahul\AppData\Local\Programs\Python\Python310\lib\site-packages\flask\app.py", line 1469, in dispatch_request
    return self.ensure_sync(self.view_functions[rule.endpoint])(**view_args)
  File "C:\Users\rahul\OneDrive\Desktop\Screener\kite_intraday_scanner.py", line 525, in decorated
  File "C:\Users\rahul\OneDrive\Desktop\Screener\kite_intraday_scanner.py", line 608, in api_get_pinned
AttributeError: 'NoneType' object has no attribute 'get_pinned_with_prices'
2026-03-28 20:09:57,520 - werkzeug - INFO - 127.0.0.1 - - [28/Mar/2026 20:09:57] "[35m[1mGET /api/pinned HTTP/1.1[0m" 500 -
2026-03-28 20:10:02,828 - kite_intraday_scanner - ERROR - Exception on /api/pinned [GET]
Traceback (most recent call last):
  File "C:\Users\rahul\AppData\Local\Programs\Python\Python310\lib\site-packages\flask\app.py", line 2190, in wsgi_app
    response = self.full_dispatch_request()
  File "C:\Users\rahul\AppData\Local\Programs\Python\Python310\lib\site-packages\flask\app.py", line 1486, in full_dispatch_request
    rv = self.handle_user_exception(e)
  File "C:\Users\rahul\AppData\Local\Programs\Python\Python310\lib\site-packages\flask\app.py", line 1484, in full_dispatch_request
    rv = self.dispatch_request()
  File "C:\Users\rahul\AppData\Local\Programs\Python\Python310\lib\site-packages\flask\app.py", line 1469, in dispatch_request
    return self.ensure_sync(self.view_functions[rule.endpoint])(**view_args)
  File "C:\Users\rahul\OneDrive\Desktop\Screener\kite_intraday_scanner.py", line 525, in decorated
  File "C:\Users\rahul\OneDrive\Desktop\Screener\kite_intraday_scanner.py", line 608, in api_get_pinned
AttributeError: 'NoneType' object has no attribute 'get_pinned_with_prices'
2026-03-28 20:10:02,830 - werkzeug - INFO - 127.0.0.1 - - [28/Mar/2026 20:10:02] "[35m[1mGET /api/pinned HTTP/1.1[0m" 500 -
2026-03-28 20:10:07,530 - kite_intraday_scanner - ERROR - Exception on /api/pinned [GET]
Traceback (most recent call last):
  File "C:\Users\rahul\AppData\Local\Programs\Python\Python310\lib\site-packages\flask\app.py", line 2190, in wsgi_app
    response = self.full_dispatch_request()
  File "C:\Users\rahul\AppData\Local\Programs\Python\Python310\lib\site-packages\flask\app.py", line 1486, in full_dispatch_request
    rv = self.handle_user_exception(e)
  File "C:\Users\rahul\AppData\Local\Programs\Python\Python310\lib\site-packages\flask\app.py", line 1484, in full_dispatch_request
    rv = self.dispatch_request()
  File "C:\Users\rahul\AppData\Local\Programs\Python\Python310\lib\site-packages\flask\app.py", line 1469, in dispatch_request
    return self.ensure_sync(self.view_functions[rule.endpoint])(**view_args)
  File "C:\Users\rahul\OneDrive\Desktop\Screener\kite_intraday_scanner.py", line 525, in decorated
  File "C:\Users\rahul\OneDrive\Desktop\Screener\kite_intraday_scanner.py", line 608, in api_get_pinned
AttributeError: 'NoneType' object has no attribute 'get_pinned_with_prices'
2026-03-28 20:10:07,532 - werkzeug - INFO - 127.0.0.1 - - [28/Mar/2026 20:10:07] "[35m[1mGET /api/pinned HTTP/1.1[0m" 500 -
2026-03-28 20:10:12,831 - kite_intraday_scanner - ERROR - Exception on /api/pinned [GET]
Traceback (most recent call last):
  File "C:\Users\rahul\AppData\Local\Programs\Python\Python310\lib\site-packages\flask\app.py", line 2190, in wsgi_app
    response = self.full_dispatch_request()
  File "C:\Users\rahul\AppData\Local\Programs\Python\Python310\lib\site-packages\flask\app.py", line 1486, in full_dispatch_request
    rv = self.handle_user_exception(e)
  File "C:\Users\rahul\AppData\Local\Programs\Python\Python310\lib\site-packages\flask\app.py", line 1484, in full_dispatch_request
    rv = self.dispatch_request()
  File "C:\Users\rahul\AppData\Local\Programs\Python\Python310\lib\site-packages\flask\app.py", line 1469, in dispatch_request
    return self.ensure_sync(self.view_functions[rule.endpoint])(**view_args)
  File "C:\Users\rahul\OneDrive\Desktop\Screener\kite_intraday_scanner.py", line 525, in decorated
  File "C:\Users\rahul\OneDrive\Desktop\Screener\kite_intraday_scanner.py", line 608, in api_get_pinned
AttributeError: 'NoneType' object has no attribute 'get_pinned_with_prices'
2026-03-28 20:10:12,838 - werkzeug - INFO - 127.0.0.1 - - [28/Mar/2026 20:10:12] "[35m[1mGET /api/pinned HTTP/1.1[0m" 500 -
2026-03-28 20:10:17,518 - kite_intraday_scanner - ERROR - Exception on /api/pinned [GET]
Traceback (most recent call last):
  File "C:\Users\rahul\AppData\Local\Programs\Python\Python310\lib\site-packages\flask\app.py", line 2190, in wsgi_app
    response = self.full_dispatch_request()
  File "C:\Users\rahul\AppData\Local\Programs\Python\Python310\lib\site-packages\flask\app.py", line 1486, in full_dispatch_request
    rv = self.handle_user_exception(e)
  File "C:\Users\rahul\AppData\Local\Programs\Python\Python310\lib\site-packages\flask\app.py", line 1484, in full_dispatch_request
    rv = self.dispatch_request()
  File "C:\Users\rahul\AppData\Local\Programs\Python\Python310\lib\site-packages\flask\app.py", line 1469, in dispatch_request
    return self.ensure_sync(self.view_functions[rule.endpoint])(**view_args)
  File "C:\Users\rahul\OneDrive\Desktop\Screener\kite_intraday_scanner.py", line 525, in decorated
  File "C:\Users\rahul\OneDrive\Desktop\Screener\kite_intraday_scanner.py", line 608, in api_get_pinned
AttributeError: 'NoneType' object has no attribute 'get_pinned_with_prices'
2026-03-28 20:10:17,518 - werkzeug - INFO - 127.0.0.1 - - [28/Mar/2026 20:10:17] "[35m[1mGET /api/pinned HTTP/1.1[0m" 500 -
2026-03-28 20:10:22,832 - kite_intraday_scanner - ERROR - Exception on /api/pinned [GET]
Traceback (most recent call last):
  File "C:\Users\rahul\AppData\Local\Programs\Python\Python310\lib\site-packages\flask\app.py", line 2190, in wsgi_app
    response = self.full_dispatch_request()
  File "C:\Users\rahul\AppData\Local\Programs\Python\Python310\lib\site-packages\flask\app.py", line 1486, in full_dispatch_request
    rv = self.handle_user_exception(e)
  File "C:\Users\rahul\AppData\Local\Programs\Python\Python310\lib\site-packages\flask\app.py", line 1484, in full_dispatch_request
    rv = self.dispatch_request()
  File "C:\Users\rahul\AppData\Local\Programs\Python\Python310\lib\site-packages\flask\app.py", line 1469, in dispatch_request
    return self.ensure_sync(self.view_functions[rule.endpoint])(**view_args)
  File "C:\Users\rahul\OneDrive\Desktop\Screener\kite_intraday_scanner.py", line 525, in decorated
  File "C:\Users\rahul\OneDrive\Desktop\Screener\kite_intraday_scanner.py", line 608, in api_get_pinned
AttributeError: 'NoneType' object has no attribute 'get_pinned_with_prices'
2026-03-28 20:10:22,832 - werkzeug - INFO - 127.0.0.1 - - [28/Mar/2026 20:10:22] "[35m[1mGET /api/pinned HTTP/1.1[0m" 500 -
2026-03-28 20:10:27,518 - kite_intraday_scanner - ERROR - Exception on /api/pinned [GET]
Traceback (most recent call last):
  File "C:\Users\rahul\AppData\Local\Programs\Python\Python310\lib\site-packages\flask\app.py", line 2190, in wsgi_app
    response = self.full_dispatch_request()
  File "C:\Users\rahul\AppData\Local\Programs\Python\Python310\lib\site-packages\flask\app.py", line 1486, in full_dispatch_request
    rv = self.handle_user_exception(e)
  File "C:\Users\rahul\AppData\Local\Programs\Python\Python310\lib\site-packages\flask\app.py", line 1484, in full_dispatch_request
    rv = self.dispatch_request()
  File "C:\Users\rahul\AppData\Local\Programs\Python\Python310\lib\site-packages\flask\app.py", line 1469, in dispatch_request
    return self.ensure_sync(self.view_functions[rule.endpoint])(**view_args)
  File "C:\Users\rahul\OneDrive\Desktop\Screener\kite_intraday_scanner.py", line 525, in decorated
  File "C:\Users\rahul\OneDrive\Desktop\Screener\kite_intraday_scanner.py", line 608, in api_get_pinned
AttributeError: 'NoneType' object has no attribute 'get_pinned_with_prices'
2026-03-28 20:10:27,521 - werkzeug - INFO - 127.0.0.1 - - [28/Mar/2026 20:10:27] "[35m[1mGET /api/pinned HTTP/1.1[0m" 500 -
2026-03-28 20:10:32,828 - kite_intraday_scanner - ERROR - Exception on /api/pinned [GET]
Traceback (most recent call last):
  File "C:\Users\rahul\AppData\Local\Programs\Python\Python310\lib\site-packages\flask\app.py", line 2190, in wsgi_app
    response = self.full_dispatch_request()
  File "C:\Users\rahul\AppData\Local\Programs\Python\Python310\lib\site-packages\flask\app.py", line 1486, in full_dispatch_request
    rv = self.handle_user_exception(e)
  File "C:\Users\rahul\AppData\Local\Programs\Python\Python310\lib\site-packages\flask\app.py", line 1484, in full_dispatch_request
    rv = self.dispatch_request()
  File "C:\Users\rahul\AppData\Local\Programs\Python\Python310\lib\site-packages\flask\app.py", line 1469, in dispatch_request
    return self.ensure_sync(self.view_functions[rule.endpoint])(**view_args)
  File "C:\Users\rahul\OneDrive\Desktop\Screener\kite_intraday_scanner.py", line 525, in decorated
  File "C:\Users\rahul\OneDrive\Desktop\Screener\kite_intraday_scanner.py", line 608, in api_get_pinned
AttributeError: 'NoneType' object has no attribute 'get_pinned_with_prices'
2026-03-28 20:10:32,828 - werkzeug - INFO - 127.0.0.1 - - [28/Mar/2026 20:10:32] "[35m[1mGET /api/pinned HTTP/1.1[0m" 500 -
2026-03-28 20:10:37,524 - kite_intraday_scanner - ERROR - Exception on /api/pinned [GET]
Traceback (most recent call last):
  File "C:\Users\rahul\AppData\Local\Programs\Python\Python310\lib\site-packages\flask\app.py", line 2190, in wsgi_app
    response = self.full_dispatch_request()
  File "C:\Users\rahul\AppData\Local\Programs\Python\Python310\lib\site-packages\flask\app.py", line 1486, in full_dispatch_request
    rv = self.handle_user_exception(e)
  File "C:\Users\rahul\AppData\Local\Programs\Python\Python310\lib\site-packages\flask\app.py", line 1484, in full_dispatch_request
    rv = self.dispatch_request()
  File "C:\Users\rahul\AppData\Local\Programs\Python\Python310\lib\site-packages\flask\app.py", line 1469, in dispatch_request
    return self.ensure_sync(self.view_functions[rule.endpoint])(**view_args)
  File "C:\Users\rahul\OneDrive\Desktop\Screener\kite_intraday_scanner.py", line 525, in decorated
  File "C:\Users\rahul\OneDrive\Desktop\Screener\kite_intraday_scanner.py", line 608, in api_get_pinned
AttributeError: 'NoneType' object has no attribute 'get_pinned_with_prices'
2026-03-28 20:10:37,525 - werkzeug - INFO - 127.0.0.1 - - [28/Mar/2026 20:10:37] "[35m[1mGET /api/pinned HTTP/1.1[0m" 500 -
2026-03-28 20:10:42,831 - kite_intraday_scanner - ERROR - Exception on /api/pinned [GET]
Traceback (most recent call last):
  File "C:\Users\rahul\AppData\Local\Programs\Python\Python310\lib\site-packages\flask\app.py", line 2190, in wsgi_app
    response = self.full_dispatch_request()
  File "C:\Users\rahul\AppData\Local\Programs\Python\Python310\lib\site-packages\flask\app.py", line 1486, in full_dispatch_request
    rv = self.handle_user_exception(e)
  File "C:\Users\rahul\AppData\Local\Programs\Python\Python310\lib\site-packages\flask\app.py", line 1484, in full_dispatch_request
    rv = self.dispatch_request()
  File "C:\Users\rahul\AppData\Local\Programs\Python\Python310\lib\site-packages\flask\app.py", line 1469, in dispatch_request
    return self.ensure_sync(self.view_functions[rule.endpoint])(**view_args)
  File "C:\Users\rahul\OneDrive\Desktop\Screener\kite_intraday_scanner.py", line 525, in decorated
  File "C:\Users\rahul\OneDrive\Desktop\Screener\kite_intraday_scanner.py", line 608, in api_get_pinned
AttributeError: 'NoneType' object has no attribute 'get_pinned_with_prices'
2026-03-28 20:10:42,831 - werkzeug - INFO - 127.0.0.1 - - [28/Mar/2026 20:10:42] "[35m[1mGET /api/pinned HTTP/1.1[0m" 500 -
2026-03-28 20:10:47,518 - kite_intraday_scanner - ERROR - Exception on /api/pinned [GET]
Traceback (most recent call last):
  File "C:\Users\rahul\AppData\Local\Programs\Python\Python310\lib\site-packages\flask\app.py", line 2190, in wsgi_app
    response = self.full_dispatch_request()
  File "C:\Users\rahul\AppData\Local\Programs\Python\Python310\lib\site-packages\flask\app.py", line 1486, in full_dispatch_request
    rv = self.handle_user_exception(e)
  File "C:\Users\rahul\AppData\Local\Programs\Python\Python310\lib\site-packages\flask\app.py", line 1484, in full_dispatch_request
    rv = self.dispatch_request()
  File "C:\Users\rahul\AppData\Local\Programs\Python\Python310\lib\site-packages\flask\app.py", line 1469, in dispatch_request
    return self.ensure_sync(self.view_functions[rule.endpoint])(**view_args)
  File "C:\Users\rahul\OneDrive\Desktop\Screener\kite_intraday_scanner.py", line 525, in decorated
  File "C:\Users\rahul\OneDrive\Desktop\Screener\kite_intraday_scanner.py", line 608, in api_get_pinned
AttributeError: 'NoneType' object has no attribute 'get_pinned_with_prices'
2026-03-28 20:10:47,518 - werkzeug - INFO - 127.0.0.1 - - [28/Mar/2026 20:10:47] "[35m[1mGET /api/pinned HTTP/1.1[0m" 500 -
2026-03-28 20:11:13,824 - kite_intraday_scanner - ERROR - Exception on /api/pinned [GET]
Traceback (most recent call last):
  File "C:\Users\rahul\AppData\Local\Programs\Python\Python310\lib\site-packages\flask\app.py", line 2190, in wsgi_app
    response = self.full_dispatch_request()
  File "C:\Users\rahul\AppData\Local\Programs\Python\Python310\lib\site-packages\flask\app.py", line 1486, in full_dispatch_request
    rv = self.handle_user_exception(e)
  File "C:\Users\rahul\AppData\Local\Programs\Python\Python310\lib\site-packages\flask\app.py", line 1484, in full_dispatch_request
    rv = self.dispatch_request()
  File "C:\Users\rahul\AppData\Local\Programs\Python\Python310\lib\site-packages\flask\app.py", line 1469, in dispatch_request
    return self.ensure_sync(self.view_functions[rule.endpoint])(**view_args)
  File "C:\Users\rahul\OneDrive\Desktop\Screener\kite_intraday_scanner.py", line 525, in decorated
  File "C:\Users\rahul\OneDrive\Desktop\Screener\kite_intraday_scanner.py", line 608, in api_get_pinned
AttributeError: 'NoneType' object has no attribute 'get_pinned_with_prices'
2026-03-28 20:11:13,825 - werkzeug - INFO - 127.0.0.1 - - [28/Mar/2026 20:11:13] "[35m[1mGET /api/pinned HTTP/1.1[0m" 500 -
2026-03-28 20:12:13,516 - kite_intraday_scanner - ERROR - Exception on /api/pinned [GET]
Traceback (most recent call last):
  File "C:\Users\rahul\AppData\Local\Programs\Python\Python310\lib\site-packages\flask\app.py", line 2190, in wsgi_app
    response = self.full_dispatch_request()
  File "C:\Users\rahul\AppData\Local\Programs\Python\Python310\lib\site-packages\flask\app.py", line 1486, in full_dispatch_request
    rv = self.handle_user_exception(e)
  File "C:\Users\rahul\AppData\Local\Programs\Python\Python310\lib\site-packages\flask\app.py", line 1484, in full_dispatch_request
    rv = self.dispatch_request()
  File "C:\Users\rahul\AppData\Local\Programs\Python\Python310\lib\site-packages\flask\app.py", line 1469, in dispatch_request
    return self.ensure_sync(self.view_functions[rule.endpoint])(**view_args)
  File "C:\Users\rahul\OneDrive\Desktop\Screener\kite_intraday_scanner.py", line 525, in decorated
  File "C:\Users\rahul\OneDrive\Desktop\Screener\kite_intraday_scanner.py", line 608, in api_get_pinned
AttributeError: 'NoneType' object has no attribute 'get_pinned_with_prices'
2026-03-28 20:12:13,517 - werkzeug - INFO - 127.0.0.1 - - [28/Mar/2026 20:12:13] "[35m[1mGET /api/pinned HTTP/1.1[0m" 500 -
2026-03-28 20:13:13,823 - kite_intraday_scanner - ERROR - Exception on /api/pinned [GET]
Traceback (most recent call last):
  File "C:\Users\rahul\AppData\Local\Programs\Python\Python310\lib\site-packages\flask\app.py", line 2190, in wsgi_app
    response = self.full_dispatch_request()
  File "C:\Users\rahul\AppData\Local\Programs\Python\Python310\lib\site-packages\flask\app.py", line 1486, in full_dispatch_request
    rv = self.handle_user_exception(e)
  File "C:\Users\rahul\AppData\Local\Programs\Python\Python310\lib\site-packages\flask\app.py", line 1484, in full_dispatch_request
    rv = self.dispatch_request()
  File "C:\Users\rahul\AppData\Local\Programs\Python\Python310\lib\site-packages\flask\app.py", line 1469, in dispatch_request
    return self.ensure_sync(self.view_functions[rule.endpoint])(**view_args)
  File "C:\Users\rahul\OneDrive\Desktop\Screener\kite_intraday_scanner.py", line 525, in decorated
  File "C:\Users\rahul\OneDrive\Desktop\Screener\kite_intraday_scanner.py", line 608, in api_get_pinned
AttributeError: 'NoneType' object has no attribute 'get_pinned_with_prices'
2026-03-28 20:13:13,826 - werkzeug - INFO - 127.0.0.1 - - [28/Mar/2026 20:13:13] "[35m[1mGET /api/pinned HTTP/1.1[0m" 500 -
2026-03-28 20:14:13,819 - kite_intraday_scanner - ERROR - Exception on /api/pinned [GET]
Traceback (most recent call last):
  File "C:\Users\rahul\AppData\Local\Programs\Python\Python310\lib\site-packages\flask\app.py", line 2190, in wsgi_app
    response = self.full_dispatch_request()
  File "C:\Users\rahul\AppData\Local\Programs\Python\Python310\lib\site-packages\flask\app.py", line 1486, in full_dispatch_request
    rv = self.handle_user_exception(e)
  File "C:\Users\rahul\AppData\Local\Programs\Python\Python310\lib\site-packages\flask\app.py", line 1484, in full_dispatch_request
    rv = self.dispatch_request()
  File "C:\Users\rahul\AppData\Local\Programs\Python\Python310\lib\site-packages\flask\app.py", line 1469, in dispatch_request
    return self.ensure_sync(self.view_functions[rule.endpoint])(**view_args)
  File "C:\Users\rahul\OneDrive\Desktop\Screener\kite_intraday_scanner.py", line 525, in decorated
  File "C:\Users\rahul\OneDrive\Desktop\Screener\kite_intraday_scanner.py", line 608, in api_get_pinned
AttributeError: 'NoneType' object has no attribute 'get_pinned_with_prices'
2026-03-28 20:14:13,821 - werkzeug - INFO - 127.0.0.1 - - [28/Mar/2026 20:14:13] "[35m[1mGET /api/pinned HTTP/1.1[0m" 500 -
2026-03-28 20:15:13,519 - kite_intraday_scanner - ERROR - Exception on /api/pinned [GET]
Traceback (most recent call last):
  File "C:\Users\rahul\AppData\Local\Programs\Python\Python310\lib\site-packages\flask\app.py", line 2190, in wsgi_app
    response = self.full_dispatch_request()
  File "C:\Users\rahul\AppData\Local\Programs\Python\Python310\lib\site-packages\flask\app.py", line 1486, in full_dispatch_request
    rv = self.handle_user_exception(e)
  File "C:\Users\rahul\AppData\Local\Programs\Python\Python310\lib\site-packages\flask\app.py", line 1484, in full_dispatch_request
    rv = self.dispatch_request()
  File "C:\Users\rahul\AppData\Local\Programs\Python\Python310\lib\site-packages\flask\app.py", line 1469, in dispatch_request
    return self.ensure_sync(self.view_functions[rule.endpoint])(**view_args)
  File "C:\Users\rahul\OneDrive\Desktop\Screener\kite_intraday_scanner.py", line 525, in decorated
  File "C:\Users\rahul\OneDrive\Desktop\Screener\kite_intraday_scanner.py", line 608, in api_get_pinned
AttributeError: 'NoneType' object has no attribute 'get_pinned_with_prices'
2026-03-28 20:15:13,519 - werkzeug - INFO - 127.0.0.1 - - [28/Mar/2026 20:15:13] "[35m[1mGET /api/pinned HTTP/1.1[0m" 500 -
2026-03-28 20:16:13,833 - kite_intraday_scanner - ERROR - Exception on /api/pinned [GET]
Traceback (most recent call last):
  File "C:\Users\rahul\AppData\Local\Programs\Python\Python310\lib\site-packages\flask\app.py", line 2190, in wsgi_app
    response = self.full_dispatch_request()
  File "C:\Users\rahul\AppData\Local\Programs\Python\Python310\lib\site-packages\flask\app.py", line 1486, in full_dispatch_request
    rv = self.handle_user_exception(e)
  File "C:\Users\rahul\AppData\Local\Programs\Python\Python310\lib\site-packages\flask\app.py", line 1484, in full_dispatch_request
    rv = self.dispatch_request()
  File "C:\Users\rahul\AppData\Local\Programs\Python\Python310\lib\site-packages\flask\app.py", line 1469, in dispatch_request
    return self.ensure_sync(self.view_functions[rule.endpoint])(**view_args)
  File "C:\Users\rahul\OneDrive\Desktop\Screener\kite_intraday_scanner.py", line 525, in decorated
  File "C:\Users\rahul\OneDrive\Desktop\Screener\kite_intraday_scanner.py", line 608, in api_get_pinned
AttributeError: 'NoneType' object has no attribute 'get_pinned_with_prices'
2026-03-28 20:16:13,837 - werkzeug - INFO - 127.0.0.1 - - [28/Mar/2026 20:16:13] "[35m[1mGET /api/pinned HTTP/1.1[0m" 500 -
2026-03-28 20:17:09,822 - kite_intraday_scanner - ERROR - Exception on /api/pinned [GET]
Traceback (most recent call last):
  File "C:\Users\rahul\AppData\Local\Programs\Python\Python310\lib\site-packages\flask\app.py", line 2190, in wsgi_app
    response = self.full_dispatch_request()
  File "C:\Users\rahul\AppData\Local\Programs\Python\Python310\lib\site-packages\flask\app.py", line 1486, in full_dispatch_request
    rv = self.handle_user_exception(e)
  File "C:\Users\rahul\AppData\Local\Programs\Python\Python310\lib\site-packages\flask\app.py", line 1484, in full_dispatch_request
    rv = self.dispatch_request()
  File "C:\Users\rahul\AppData\Local\Programs\Python\Python310\lib\site-packages\flask\app.py", line 1469, in dispatch_request
    return self.ensure_sync(self.view_functions[rule.endpoint])(**view_args)
  File "C:\Users\rahul\OneDrive\Desktop\Screener\kite_intraday_scanner.py", line 525, in decorated
  File "C:\Users\rahul\OneDrive\Desktop\Screener\kite_intraday_scanner.py", line 608, in api_get_pinned
AttributeError: 'NoneType' object has no attribute 'get_pinned_with_prices'
2026-03-28 20:17:09,823 - werkzeug - INFO - 127.0.0.1 - - [28/Mar/2026 20:17:09] "[35m[1mGET /api/pinned HTTP/1.1[0m" 500 -
2026-03-28 20:17:11,402 - werkzeug - INFO - 127.0.0.1 - - [28/Mar/2026 20:17:11] "GET / HTTP/1.1" 200 -
2026-03-28 20:17:11,550 - werkzeug - INFO - 127.0.0.1 - - [28/Mar/2026 20:17:11] "GET /api/status HTTP/1.1" 200 -
2026-03-28 20:17:11,652 - kite_intraday_scanner - ERROR - Exception on /api/pinned [GET]
Traceback (most recent call last):
  File "C:\Users\rahul\AppData\Local\Programs\Python\Python310\lib\site-packages\flask\app.py", line 2190, in wsgi_app
    response = self.full_dispatch_request()
  File "C:\Users\rahul\AppData\Local\Programs\Python\Python310\lib\site-packages\flask\app.py", line 1486, in full_dispatch_request
    rv = self.handle_user_exception(e)
  File "C:\Users\rahul\AppData\Local\Programs\Python\Python310\lib\site-packages\flask\app.py", line 1484, in full_dispatch_request
    rv = self.dispatch_request()
  File "C:\Users\rahul\AppData\Local\Programs\Python\Python310\lib\site-packages\flask\app.py", line 1469, in dispatch_request
    return self.ensure_sync(self.view_functions[rule.endpoint])(**view_args)
  File "C:\Users\rahul\OneDrive\Desktop\Screener\kite_intraday_scanner.py", line 525, in decorated
  File "C:\Users\rahul\OneDrive\Desktop\Screener\kite_intraday_scanner.py", line 608, in api_get_pinned
AttributeError: 'NoneType' object has no attribute 'get_pinned_with_prices'
2026-03-28 20:17:11,652 - werkzeug - INFO - 127.0.0.1 - - [28/Mar/2026 20:17:11] "[35m[1mGET /api/pinned HTTP/1.1[0m" 500 -
2026-03-28 20:17:19,108 - werkzeug - INFO - 127.0.0.1 - - [28/Mar/2026 20:17:19] "GET / HTTP/1.1" 200 -
2026-03-28 20:17:19,236 - werkzeug - INFO - 127.0.0.1 - - [28/Mar/2026 20:17:19] "GET /api/status HTTP/1.1" 200 -
2026-03-28 20:17:19,338 - kite_intraday_scanner - ERROR - Exception on /api/pinned [GET]
Traceback (most recent call last):
  File "C:\Users\rahul\AppData\Local\Programs\Python\Python310\lib\site-packages\flask\app.py", line 2190, in wsgi_app
    response = self.full_dispatch_request()
  File "C:\Users\rahul\AppData\Local\Programs\Python\Python310\lib\site-packages\flask\app.py", line 1486, in full_dispatch_request
    rv = self.handle_user_exception(e)
  File "C:\Users\rahul\AppData\Local\Programs\Python\Python310\lib\site-packages\flask\app.py", line 1484, in full_dispatch_request
    rv = self.dispatch_request()
  File "C:\Users\rahul\AppData\Local\Programs\Python\Python310\lib\site-packages\flask\app.py", line 1469, in dispatch_request
    return self.ensure_sync(self.view_functions[rule.endpoint])(**view_args)
  File "C:\Users\rahul\OneDrive\Desktop\Screener\kite_intraday_scanner.py", line 525, in decorated
  File "C:\Users\rahul\OneDrive\Desktop\Screener\kite_intraday_scanner.py", line 608, in api_get_pinned
AttributeError: 'NoneType' object has no attribute 'get_pinned_with_prices'
2026-03-28 20:17:19,339 - werkzeug - INFO - 127.0.0.1 - - [28/Mar/2026 20:17:19] "[35m[1mGET /api/pinned HTTP/1.1[0m" 500 -
2026-03-28 20:17:25,650 - __main__ - INFO - Logged out, token removed
2026-03-28 20:17:25,653 - werkzeug - INFO - 127.0.0.1 - - [28/Mar/2026 20:17:25] "POST /api/logout HTTP/1.1" 200 -
2026-03-28 20:17:25,902 - werkzeug - INFO - 127.0.0.1 - - [28/Mar/2026 20:17:25] "GET /api/status HTTP/1.1" 200 -
2026-03-28 20:17:43,309 - werkzeug - INFO - 127.0.0.1 - - [28/Mar/2026 20:17:43] "[33mGET /callback?request_token=ojZAf6rIJyGUJPAc3s0t3bpHAODsaRyx&action=login&type=login&status=success HTTP/1.1[0m" 404 -
2026-03-28 20:17:56,660 - werkzeug - INFO - 127.0.0.1 - - [28/Mar/2026 20:17:56] "GET / HTTP/1.1" 200 -
2026-03-28 20:17:57,035 - werkzeug - INFO - 127.0.0.1 - - [28/Mar/2026 20:17:57] "GET /api/status HTTP/1.1" 200 -
2026-03-28 20:17:57,280 - kite_intraday_scanner - ERROR - Exception on /api/pinned [GET]
Traceback (most recent call last):
  File "C:\Users\rahul\AppData\Local\Programs\Python\Python310\lib\site-packages\flask\app.py", line 2190, in wsgi_app
    response = self.full_dispatch_request()
  File "C:\Users\rahul\AppData\Local\Programs\Python\Python310\lib\site-packages\flask\app.py", line 1486, in full_dispatch_request
    rv = self.handle_user_exception(e)
  File "C:\Users\rahul\AppData\Local\Programs\Python\Python310\lib\site-packages\flask\app.py", line 1484, in full_dispatch_request
    rv = self.dispatch_request()
  File "C:\Users\rahul\AppData\Local\Programs\Python\Python310\lib\site-packages\flask\app.py", line 1469, in dispatch_request
    return self.ensure_sync(self.view_functions[rule.endpoint])(**view_args)
  File "C:\Users\rahul\OneDrive\Desktop\Screener\kite_intraday_scanner.py", line 525, in decorated
  File "C:\Users\rahul\OneDrive\Desktop\Screener\kite_intraday_scanner.py", line 608, in api_get_pinned
AttributeError: 'NoneType' object has no attribute 'get_pinned_with_prices'
2026-03-28 20:17:57,290 - werkzeug - INFO - 127.0.0.1 - - [28/Mar/2026 20:17:57] "[35m[1mGET /api/pinned HTTP/1.1[0m" 500 -
2026-03-28 20:18:00,243 - kite_intraday_scanner - ERROR - Exception on /api/pinned [GET]
Traceback (most recent call last):
  File "C:\Users\rahul\AppData\Local\Programs\Python\Python310\lib\site-packages\flask\app.py", line 2190, in wsgi_app
    response = self.full_dispatch_request()
  File "C:\Users\rahul\AppData\Local\Programs\Python\Python310\lib\site-packages\flask\app.py", line 1486, in full_dispatch_request
    rv = self.handle_user_exception(e)
  File "C:\Users\rahul\AppData\Local\Programs\Python\Python310\lib\site-packages\flask\app.py", line 1484, in full_dispatch_request
    rv = self.dispatch_request()
  File "C:\Users\rahul\AppData\Local\Programs\Python\Python310\lib\site-packages\flask\app.py", line 1469, in dispatch_request
    return self.ensure_sync(self.view_functions[rule.endpoint])(**view_args)
  File "C:\Users\rahul\OneDrive\Desktop\Screener\kite_intraday_scanner.py", line 525, in decorated
  File "C:\Users\rahul\OneDrive\Desktop\Screener\kite_intraday_scanner.py", line 608, in api_get_pinned
AttributeError: 'NoneType' object has no attribute 'get_pinned_with_prices'
2026-03-28 20:18:00,244 - werkzeug - INFO - 127.0.0.1 - - [28/Mar/2026 20:18:00] "[35m[1mGET /api/pinned HTTP/1.1[0m" 500 -
2026-03-28 20:18:02,360 - kite_intraday_scanner - ERROR - Exception on /api/pinned [GET]
Traceback (most recent call last):
  File "C:\Users\rahul\AppData\Local\Programs\Python\Python310\lib\site-packages\flask\app.py", line 2190, in wsgi_app
    response = self.full_dispatch_request()
  File "C:\Users\rahul\AppData\Local\Programs\Python\Python310\lib\site-packages\flask\app.py", line 1486, in full_dispatch_request
    rv = self.handle_user_exception(e)
  File "C:\Users\rahul\AppData\Local\Programs\Python\Python310\lib\site-packages\flask\app.py", line 1484, in full_dispatch_request
    rv = self.dispatch_request()
  File "C:\Users\rahul\AppData\Local\Programs\Python\Python310\lib\site-packages\flask\app.py", line 1469, in dispatch_request
    return self.ensure_sync(self.view_functions[rule.endpoint])(**view_args)
  File "C:\Users\rahul\OneDrive\Desktop\Screener\kite_intraday_scanner.py", line 525, in decorated
  File "C:\Users\rahul\OneDrive\Desktop\Screener\kite_intraday_scanner.py", line 608, in api_get_pinned
AttributeError: 'NoneType' object has no attribute 'get_pinned_with_prices'
2026-03-28 20:18:02,363 - werkzeug - INFO - 127.0.0.1 - - [28/Mar/2026 20:18:02] "[35m[1mGET /api/pinned HTTP/1.1[0m" 500 -
2026-03-28 20:18:47,784 - werkzeug - INFO - 127.0.0.1 - - [28/Mar/2026 20:18:47] "GET / HTTP/1.1" 200 -
2026-03-28 20:18:48,071 - werkzeug - INFO - 127.0.0.1 - - [28/Mar/2026 20:18:48] "GET /api/status HTTP/1.1" 200 -
2026-03-28 20:18:48,394 - kite_intraday_scanner - ERROR - Exception on /api/pinned [GET]
Traceback (most recent call last):
  File "C:\Users\rahul\AppData\Local\Programs\Python\Python310\lib\site-packages\flask\app.py", line 2190, in wsgi_app
    response = self.full_dispatch_request()
  File "C:\Users\rahul\AppData\Local\Programs\Python\Python310\lib\site-packages\flask\app.py", line 1486, in full_dispatch_request
    rv = self.handle_user_exception(e)
  File "C:\Users\rahul\AppData\Local\Programs\Python\Python310\lib\site-packages\flask\app.py", line 1484, in full_dispatch_request
    rv = self.dispatch_request()
  File "C:\Users\rahul\AppData\Local\Programs\Python\Python310\lib\site-packages\flask\app.py", line 1469, in dispatch_request
    return self.ensure_sync(self.view_functions[rule.endpoint])(**view_args)
  File "C:\Users\rahul\OneDrive\Desktop\Screener\kite_intraday_scanner.py", line 525, in decorated
  File "C:\Users\rahul\OneDrive\Desktop\Screener\kite_intraday_scanner.py", line 608, in api_get_pinned
AttributeError: 'NoneType' object has no attribute 'get_pinned_with_prices'
2026-03-28 20:18:48,400 - werkzeug - INFO - 127.0.0.1 - - [28/Mar/2026 20:18:48] "[35m[1mGET /api/pinned HTTP/1.1[0m" 500 -
2026-03-28 20:18:48,820 - werkzeug - INFO - 127.0.0.1 - - [28/Mar/2026 20:18:48] "GET / HTTP/1.1" 200 -
2026-03-28 20:18:49,119 - werkzeug - INFO - 127.0.0.1 - - [28/Mar/2026 20:18:49] "GET / HTTP/1.1" 200 -
2026-03-28 20:18:49,370 - werkzeug - INFO - 127.0.0.1 - - [28/Mar/2026 20:18:49] "GET /api/status HTTP/1.1" 200 -
2026-03-28 20:18:49,485 - kite_intraday_scanner - ERROR - Exception on /api/pinned [GET]
Traceback (most recent call last):
  File "C:\Users\rahul\AppData\Local\Programs\Python\Python310\lib\site-packages\flask\app.py", line 2190, in wsgi_app
    response = self.full_dispatch_request()
  File "C:\Users\rahul\AppData\Local\Programs\Python\Python310\lib\site-packages\flask\app.py", line 1486, in full_dispatch_request
    rv = self.handle_user_exception(e)
  File "C:\Users\rahul\AppData\Local\Programs\Python\Python310\lib\site-packages\flask\app.py", line 1484, in full_dispatch_request
    rv = self.dispatch_request()
  File "C:\Users\rahul\AppData\Local\Programs\Python\Python310\lib\site-packages\flask\app.py", line 1469, in dispatch_request
    return self.ensure_sync(self.view_functions[rule.endpoint])(**view_args)
  File "C:\Users\rahul\OneDrive\Desktop\Screener\kite_intraday_scanner.py", line 525, in decorated
  File "C:\Users\rahul\OneDrive\Desktop\Screener\kite_intraday_scanner.py", line 608, in api_get_pinned
AttributeError: 'NoneType' object has no attribute 'get_pinned_with_prices'
2026-03-28 20:18:49,490 - werkzeug - INFO - 127.0.0.1 - - [28/Mar/2026 20:18:49] "[35m[1mGET /api/pinned HTTP/1.1[0m" 500 -
2026-03-28 20:18:49,943 - werkzeug - INFO - 127.0.0.1 - - [28/Mar/2026 20:18:49] "GET / HTTP/1.1" 200 -
2026-03-28 20:18:50,253 - werkzeug - INFO - 127.0.0.1 - - [28/Mar/2026 20:18:50] "GET /api/status HTTP/1.1" 200 -
2026-03-28 20:18:50,570 - kite_intraday_scanner - ERROR - Exception on /api/pinned [GET]
Traceback (most recent call last):
  File "C:\Users\rahul\AppData\Local\Programs\Python\Python310\lib\site-packages\flask\app.py", line 2190, in wsgi_app
    response = self.full_dispatch_request()
  File "C:\Users\rahul\AppData\Local\Programs\Python\Python310\lib\site-packages\flask\app.py", line 1486, in full_dispatch_request
    rv = self.handle_user_exception(e)
  File "C:\Users\rahul\AppData\Local\Programs\Python\Python310\lib\site-packages\flask\app.py", line 1484, in full_dispatch_request
    rv = self.dispatch_request()
  File "C:\Users\rahul\AppData\Local\Programs\Python\Python310\lib\site-packages\flask\app.py", line 1469, in dispatch_request
    return self.ensure_sync(self.view_functions[rule.endpoint])(**view_args)
  File "C:\Users\rahul\OneDrive\Desktop\Screener\kite_intraday_scanner.py", line 525, in decorated
  File "C:\Users\rahul\OneDrive\Desktop\Screener\kite_intraday_scanner.py", line 608, in api_get_pinned
AttributeError: 'NoneType' object has no attribute 'get_pinned_with_prices'
2026-03-28 20:18:50,570 - werkzeug - INFO - 127.0.0.1 - - [28/Mar/2026 20:18:50] "[35m[1mGET /api/pinned HTTP/1.1[0m" 500 -
2026-03-28 20:18:50,852 - werkzeug - INFO - 127.0.0.1 - - [28/Mar/2026 20:18:50] "GET / HTTP/1.1" 200 -
2026-03-28 20:18:51,152 - werkzeug - INFO - 127.0.0.1 - - [28/Mar/2026 20:18:51] "GET /api/status HTTP/1.1" 200 -
2026-03-28 20:18:51,470 - kite_intraday_scanner - ERROR - Exception on /api/pinned [GET]
Traceback (most recent call last):
  File "C:\Users\rahul\AppData\Local\Programs\Python\Python310\lib\site-packages\flask\app.py", line 2190, in wsgi_app
    response = self.full_dispatch_request()
  File "C:\Users\rahul\AppData\Local\Programs\Python\Python310\lib\site-packages\flask\app.py", line 1486, in full_dispatch_request
    rv = self.handle_user_exception(e)
  File "C:\Users\rahul\AppData\Local\Programs\Python\Python310\lib\site-packages\flask\app.py", line 1484, in full_dispatch_request
    rv = self.dispatch_request()
  File "C:\Users\rahul\AppData\Local\Programs\Python\Python310\lib\site-packages\flask\app.py", line 1469, in dispatch_request
    return self.ensure_sync(self.view_functions[rule.endpoint])(**view_args)
  File "C:\Users\rahul\OneDrive\Desktop\Screener\kite_intraday_scanner.py", line 525, in decorated
  File "C:\Users\rahul\OneDrive\Desktop\Screener\kite_intraday_scanner.py", line 608, in api_get_pinned
AttributeError: 'NoneType' object has no attribute 'get_pinned_with_prices'
2026-03-28 20:18:51,472 - werkzeug - INFO - 127.0.0.1 - - [28/Mar/2026 20:18:51] "[35m[1mGET /api/pinned HTTP/1.1[0m" 500 -
2026-03-28 20:18:51,723 - werkzeug - INFO - 127.0.0.1 - - [28/Mar/2026 20:18:51] "GET / HTTP/1.1" 200 -
2026-03-28 20:18:51,933 - werkzeug - INFO - 127.0.0.1 - - [28/Mar/2026 20:18:51] "GET /api/status HTTP/1.1" 200 -
2026-03-28 20:18:52,085 - kite_intraday_scanner - ERROR - Exception on /api/pinned [GET]
Traceback (most recent call last):
  File "C:\Users\rahul\AppData\Local\Programs\Python\Python310\lib\site-packages\flask\app.py", line 2190, in wsgi_app
    response = self.full_dispatch_request()
  File "C:\Users\rahul\AppData\Local\Programs\Python\Python310\lib\site-packages\flask\app.py", line 1486, in full_dispatch_request
    rv = self.handle_user_exception(e)
  File "C:\Users\rahul\AppData\Local\Programs\Python\Python310\lib\site-packages\flask\app.py", line 1484, in full_dispatch_request
    rv = self.dispatch_request()
  File "C:\Users\rahul\AppData\Local\Programs\Python\Python310\lib\site-packages\flask\app.py", line 1469, in dispatch_request
    return self.ensure_sync(self.view_functions[rule.endpoint])(**view_args)
  File "C:\Users\rahul\OneDrive\Desktop\Screener\kite_intraday_scanner.py", line 525, in decorated
  File "C:\Users\rahul\OneDrive\Desktop\Screener\kite_intraday_scanner.py", line 608, in api_get_pinned
AttributeError: 'NoneType' object has no attribute 'get_pinned_with_prices'
2026-03-28 20:18:52,088 - werkzeug - INFO - 127.0.0.1 - - [28/Mar/2026 20:18:52] "[35m[1mGET /api/pinned HTTP/1.1[0m" 500 -
2026-03-28 20:20:10,054 - werkzeug - INFO - 127.0.0.1 - - [28/Mar/2026 20:20:10] "GET / HTTP/1.1" 200 -
2026-03-28 20:20:10,287 - werkzeug - INFO - 127.0.0.1 - - [28/Mar/2026 20:20:10] "GET /api/status HTTP/1.1" 200 -
2026-03-28 20:20:10,385 - kite_intraday_scanner - ERROR - Exception on /api/pinned [GET]
Traceback (most recent call last):
  File "C:\Users\rahul\AppData\Local\Programs\Python\Python310\lib\site-packages\flask\app.py", line 2190, in wsgi_app
    response = self.full_dispatch_request()
  File "C:\Users\rahul\AppData\Local\Programs\Python\Python310\lib\site-packages\flask\app.py", line 1486, in full_dispatch_request
    rv = self.handle_user_exception(e)
  File "C:\Users\rahul\AppData\Local\Programs\Python\Python310\lib\site-packages\flask\app.py", line 1484, in full_dispatch_request
    rv = self.dispatch_request()
  File "C:\Users\rahul\AppData\Local\Programs\Python\Python310\lib\site-packages\flask\app.py", line 1469, in dispatch_request
    return self.ensure_sync(self.view_functions[rule.endpoint])(**view_args)
  File "C:\Users\rahul\OneDrive\Desktop\Screener\kite_intraday_scanner.py", line 525, in decorated
  File "C:\Users\rahul\OneDrive\Desktop\Screener\kite_intraday_scanner.py", line 608, in api_get_pinned
AttributeError: 'NoneType' object has no attribute 'get_pinned_with_prices'
2026-03-28 20:20:10,390 - werkzeug - INFO - 127.0.0.1 - - [28/Mar/2026 20:20:10] "[35m[1mGET /api/pinned HTTP/1.1[0m" 500 -
2026-03-28 20:20:13,488 - werkzeug - INFO - 127.0.0.1 - - [28/Mar/2026 20:20:13] "[33mGET /.well-known/appspecific/com.chrome.devtools.json HTTP/1.1[0m" 404 -
2026-03-28 20:20:15,669 - werkzeug - INFO - 127.0.0.1 - - [28/Mar/2026 20:20:15] "GET / HTTP/1.1" 200 -
2026-03-28 20:20:15,909 - werkzeug - INFO - 127.0.0.1 - - [28/Mar/2026 20:20:15] "GET /api/status HTTP/1.1" 200 -
2026-03-28 20:20:16,020 - kite_intraday_scanner - ERROR - Exception on /api/pinned [GET]
Traceback (most recent call last):
  File "C:\Users\rahul\AppData\Local\Programs\Python\Python310\lib\site-packages\flask\app.py", line 2190, in wsgi_app
    response = self.full_dispatch_request()
  File "C:\Users\rahul\AppData\Local\Programs\Python\Python310\lib\site-packages\flask\app.py", line 1486, in full_dispatch_request
    rv = self.handle_user_exception(e)
  File "C:\Users\rahul\AppData\Local\Programs\Python\Python310\lib\site-packages\flask\app.py", line 1484, in full_dispatch_request
    rv = self.dispatch_request()
  File "C:\Users\rahul\AppData\Local\Programs\Python\Python310\lib\site-packages\flask\app.py", line 1469, in dispatch_request
    return self.ensure_sync(self.view_functions[rule.endpoint])(**view_args)
  File "C:\Users\rahul\OneDrive\Desktop\Screener\kite_intraday_scanner.py", line 525, in decorated
  File "C:\Users\rahul\OneDrive\Desktop\Screener\kite_intraday_scanner.py", line 608, in api_get_pinned
AttributeError: 'NoneType' object has no attribute 'get_pinned_with_prices'
2026-03-28 20:20:16,026 - werkzeug - INFO - 127.0.0.1 - - [28/Mar/2026 20:20:16] "[33mGET /.well-known/appspecific/com.chrome.devtools.json HTTP/1.1[0m" 404 -
2026-03-28 20:20:16,026 - werkzeug - INFO - 127.0.0.1 - - [28/Mar/2026 20:20:16] "[35m[1mGET /api/pinned HTTP/1.1[0m" 500 -
2026-03-28 20:24:04,969 - werkzeug - INFO - 127.0.0.1 - - [28/Mar/2026 20:24:04] "GET / HTTP/1.1" 200 -
2026-03-28 20:24:05,080 - werkzeug - INFO - 127.0.0.1 - - [28/Mar/2026 20:24:05] "GET /api/status HTTP/1.1" 200 -
2026-03-28 20:24:05,223 - kite_intraday_scanner - ERROR - Exception on /api/pinned [GET]
Traceback (most recent call last):
  File "C:\Users\rahul\AppData\Local\Programs\Python\Python310\lib\site-packages\flask\app.py", line 2190, in wsgi_app
    response = self.full_dispatch_request()
  File "C:\Users\rahul\AppData\Local\Programs\Python\Python310\lib\site-packages\flask\app.py", line 1486, in full_dispatch_request
    rv = self.handle_user_exception(e)
  File "C:\Users\rahul\AppData\Local\Programs\Python\Python310\lib\site-packages\flask\app.py", line 1484, in full_dispatch_request
    rv = self.dispatch_request()
  File "C:\Users\rahul\AppData\Local\Programs\Python\Python310\lib\site-packages\flask\app.py", line 1469, in dispatch_request
    return self.ensure_sync(self.view_functions[rule.endpoint])(**view_args)
  File "C:\Users\rahul\OneDrive\Desktop\Screener\kite_intraday_scanner.py", line 525, in decorated
  File "C:\Users\rahul\OneDrive\Desktop\Screener\kite_intraday_scanner.py", line 608, in api_get_pinned
AttributeError: 'NoneType' object has no attribute 'get_pinned_with_prices'
2026-03-28 20:24:05,225 - werkzeug - INFO - 127.0.0.1 - - [28/Mar/2026 20:24:05] "[35m[1mGET /api/pinned HTTP/1.1[0m" 500 -
2026-03-28 20:24:06,091 - werkzeug - INFO - 127.0.0.1 - - [28/Mar/2026 20:24:06] "GET / HTTP/1.1" 200 -
2026-03-28 20:24:06,142 - werkzeug - INFO - 127.0.0.1 - - [28/Mar/2026 20:24:06] "GET /api/status HTTP/1.1" 200 -
2026-03-28 20:24:06,336 - kite_intraday_scanner - ERROR - Exception on /api/pinned [GET]
Traceback (most recent call last):
  File "C:\Users\rahul\AppData\Local\Programs\Python\Python310\lib\site-packages\flask\app.py", line 2190, in wsgi_app
    response = self.full_dispatch_request()
  File "C:\Users\rahul\AppData\Local\Programs\Python\Python310\lib\site-packages\flask\app.py", line 1486, in full_dispatch_request
    rv = self.handle_user_exception(e)
  File "C:\Users\rahul\AppData\Local\Programs\Python\Python310\lib\site-packages\flask\app.py", line 1484, in full_dispatch_request
    rv = self.dispatch_request()
  File "C:\Users\rahul\AppData\Local\Programs\Python\Python310\lib\site-packages\flask\app.py", line 1469, in dispatch_request
    return self.ensure_sync(self.view_functions[rule.endpoint])(**view_args)
  File "C:\Users\rahul\OneDrive\Desktop\Screener\kite_intraday_scanner.py", line 525, in decorated
  File "C:\Users\rahul\OneDrive\Desktop\Screener\kite_intraday_scanner.py", line 608, in api_get_pinned
AttributeError: 'NoneType' object has no attribute 'get_pinned_with_prices'
2026-03-28 20:24:06,339 - werkzeug - INFO - 127.0.0.1 - - [28/Mar/2026 20:24:06] "[35m[1mGET /api/pinned HTTP/1.1[0m" 500 -
2026-03-28 20:24:06,749 - werkzeug - INFO - 127.0.0.1 - - [28/Mar/2026 20:24:06] "GET / HTTP/1.1" 200 -
2026-03-28 20:24:06,817 - werkzeug - INFO - 127.0.0.1 - - [28/Mar/2026 20:24:06] "GET /api/status HTTP/1.1" 200 -
2026-03-28 20:24:06,985 - kite_intraday_scanner - ERROR - Exception on /api/pinned [GET]
Traceback (most recent call last):
  File "C:\Users\rahul\AppData\Local\Programs\Python\Python310\lib\site-packages\flask\app.py", line 2190, in wsgi_app
    response = self.full_dispatch_request()
  File "C:\Users\rahul\AppData\Local\Programs\Python\Python310\lib\site-packages\flask\app.py", line 1486, in full_dispatch_request
    rv = self.handle_user_exception(e)
  File "C:\Users\rahul\AppData\Local\Programs\Python\Python310\lib\site-packages\flask\app.py", line 1484, in full_dispatch_request
    rv = self.dispatch_request()
  File "C:\Users\rahul\AppData\Local\Programs\Python\Python310\lib\site-packages\flask\app.py", line 1469, in dispatch_request
    return self.ensure_sync(self.view_functions[rule.endpoint])(**view_args)
  File "C:\Users\rahul\OneDrive\Desktop\Screener\kite_intraday_scanner.py", line 525, in decorated
  File "C:\Users\rahul\OneDrive\Desktop\Screener\kite_intraday_scanner.py", line 608, in api_get_pinned
AttributeError: 'NoneType' object has no attribute 'get_pinned_with_prices'
2026-03-28 20:24:06,989 - werkzeug - INFO - 127.0.0.1 - - [28/Mar/2026 20:24:06] "[35m[1mGET /api/pinned HTTP/1.1[0m" 500 -
2026-03-28 20:24:07,619 - werkzeug - INFO - 127.0.0.1 - - [28/Mar/2026 20:24:07] "GET / HTTP/1.1" 200 -
2026-03-28 20:24:07,681 - werkzeug - INFO - 127.0.0.1 - - [28/Mar/2026 20:24:07] "GET /api/status HTTP/1.1" 200 -
2026-03-28 20:24:07,859 - kite_intraday_scanner - ERROR - Exception on /api/pinned [GET]
Traceback (most recent call last):
  File "C:\Users\rahul\AppData\Local\Programs\Python\Python310\lib\site-packages\flask\app.py", line 2190, in wsgi_app
    response = self.full_dispatch_request()
  File "C:\Users\rahul\AppData\Local\Programs\Python\Python310\lib\site-packages\flask\app.py", line 1486, in full_dispatch_request
    rv = self.handle_user_exception(e)
  File "C:\Users\rahul\AppData\Local\Programs\Python\Python310\lib\site-packages\flask\app.py", line 1484, in full_dispatch_request
    rv = self.dispatch_request()
  File "C:\Users\rahul\AppData\Local\Programs\Python\Python310\lib\site-packages\flask\app.py", line 1469, in dispatch_request
    return self.ensure_sync(self.view_functions[rule.endpoint])(**view_args)
  File "C:\Users\rahul\OneDrive\Desktop\Screener\kite_intraday_scanner.py", line 525, in decorated
  File "C:\Users\rahul\OneDrive\Desktop\Screener\kite_intraday_scanner.py", line 608, in api_get_pinned
AttributeError: 'NoneType' object has no attribute 'get_pinned_with_prices'
2026-03-28 20:24:07,866 - werkzeug - INFO - 127.0.0.1 - - [28/Mar/2026 20:24:07] "[35m[1mGET /api/pinned HTTP/1.1[0m" 500 -
2026-03-28 20:24:11,869 - werkzeug - INFO - 127.0.0.1 - - [28/Mar/2026 20:24:11] "GET / HTTP/1.1" 200 -
2026-03-28 20:24:12,119 - werkzeug - INFO - 127.0.0.1 - - [28/Mar/2026 20:24:12] "GET /api/status HTTP/1.1" 200 -
2026-03-28 20:24:12,217 - kite_intraday_scanner - ERROR - Exception on /api/pinned [GET]
Traceback (most recent call last):
  File "C:\Users\rahul\AppData\Local\Programs\Python\Python310\lib\site-packages\flask\app.py", line 2190, in wsgi_app
    response = self.full_dispatch_request()
  File "C:\Users\rahul\AppData\Local\Programs\Python\Python310\lib\site-packages\flask\app.py", line 1486, in full_dispatch_request
    rv = self.handle_user_exception(e)
  File "C:\Users\rahul\AppData\Local\Programs\Python\Python310\lib\site-packages\flask\app.py", line 1484, in full_dispatch_request
    rv = self.dispatch_request()
  File "C:\Users\rahul\AppData\Local\Programs\Python\Python310\lib\site-packages\flask\app.py", line 1469, in dispatch_request
    return self.ensure_sync(self.view_functions[rule.endpoint])(**view_args)
  File "C:\Users\rahul\OneDrive\Desktop\Screener\kite_intraday_scanner.py", line 525, in decorated
  File "C:\Users\rahul\OneDrive\Desktop\Screener\kite_intraday_scanner.py", line 608, in api_get_pinned
AttributeError: 'NoneType' object has no attribute 'get_pinned_with_prices'
2026-03-28 20:24:12,219 - werkzeug - INFO - 127.0.0.1 - - [28/Mar/2026 20:24:12] "[35m[1mGET /api/pinned HTTP/1.1[0m" 500 -
2026-03-28 20:24:36,667 - kite_intraday_scanner - ERROR - Exception on /api/pinned [GET]
Traceback (most recent call last):
  File "C:\Users\rahul\AppData\Local\Programs\Python\Python310\lib\site-packages\flask\app.py", line 2190, in wsgi_app
    response = self.full_dispatch_request()
  File "C:\Users\rahul\AppData\Local\Programs\Python\Python310\lib\site-packages\flask\app.py", line 1486, in full_dispatch_request
    rv = self.handle_user_exception(e)
  File "C:\Users\rahul\AppData\Local\Programs\Python\Python310\lib\site-packages\flask\app.py", line 1484, in full_dispatch_request
    rv = self.dispatch_request()
  File "C:\Users\rahul\AppData\Local\Programs\Python\Python310\lib\site-packages\flask\app.py", line 1469, in dispatch_request
    return self.ensure_sync(self.view_functions[rule.endpoint])(**view_args)
  File "C:\Users\rahul\OneDrive\Desktop\Screener\kite_intraday_scanner.py", line 525, in decorated
  File "C:\Users\rahul\OneDrive\Desktop\Screener\kite_intraday_scanner.py", line 608, in api_get_pinned
AttributeError: 'NoneType' object has no attribute 'get_pinned_with_prices'
2026-03-28 20:24:36,669 - werkzeug - INFO - 127.0.0.1 - - [28/Mar/2026 20:24:36] "[35m[1mGET /api/pinned HTTP/1.1[0m" 500 -
2026-03-28 20:24:37,700 - kite_intraday_scanner - ERROR - Exception on /api/pinned [GET]
Traceback (most recent call last):
  File "C:\Users\rahul\AppData\Local\Programs\Python\Python310\lib\site-packages\flask\app.py", line 2190, in wsgi_app
    response = self.full_dispatch_request()
  File "C:\Users\rahul\AppData\Local\Programs\Python\Python310\lib\site-packages\flask\app.py", line 1486, in full_dispatch_request
    rv = self.handle_user_exception(e)
  File "C:\Users\rahul\AppData\Local\Programs\Python\Python310\lib\site-packages\flask\app.py", line 1484, in full_dispatch_request
    rv = self.dispatch_request()
  File "C:\Users\rahul\AppData\Local\Programs\Python\Python310\lib\site-packages\flask\app.py", line 1469, in dispatch_request
    return self.ensure_sync(self.view_functions[rule.endpoint])(**view_args)
  File "C:\Users\rahul\OneDrive\Desktop\Screener\kite_intraday_scanner.py", line 525, in decorated
  File "C:\Users\rahul\OneDrive\Desktop\Screener\kite_intraday_scanner.py", line 608, in api_get_pinned
AttributeError: 'NoneType' object has no attribute 'get_pinned_with_prices'
2026-03-28 20:24:37,700 - werkzeug - INFO - 127.0.0.1 - - [28/Mar/2026 20:24:37] "[35m[1mGET /api/pinned HTTP/1.1[0m" 500 -
2026-03-28 20:25:13,680 - werkzeug - INFO - 192.168.1.5 - - [28/Mar/2026 20:25:13] "GET / HTTP/1.1" 200 -
2026-03-28 20:25:13,846 - werkzeug - INFO - 192.168.1.5 - - [28/Mar/2026 20:25:13] "GET /api/status HTTP/1.1" 200 -
2026-03-28 20:25:13,905 - werkzeug - INFO - 192.168.1.5 - - [28/Mar/2026 20:25:13] "[33mGET /favicon.ico HTTP/1.1[0m" 404 -
2026-03-28 20:25:13,906 - kite_intraday_scanner - ERROR - Exception on /api/pinned [GET]
Traceback (most recent call last):
  File "C:\Users\rahul\AppData\Local\Programs\Python\Python310\lib\site-packages\flask\app.py", line 2190, in wsgi_app
    response = self.full_dispatch_request()
  File "C:\Users\rahul\AppData\Local\Programs\Python\Python310\lib\site-packages\flask\app.py", line 1486, in full_dispatch_request
    rv = self.handle_user_exception(e)
  File "C:\Users\rahul\AppData\Local\Programs\Python\Python310\lib\site-packages\flask\app.py", line 1484, in full_dispatch_request
    rv = self.dispatch_request()
  File "C:\Users\rahul\AppData\Local\Programs\Python\Python310\lib\site-packages\flask\app.py", line 1469, in dispatch_request
    return self.ensure_sync(self.view_functions[rule.endpoint])(**view_args)
  File "C:\Users\rahul\OneDrive\Desktop\Screener\kite_intraday_scanner.py", line 525, in decorated
  File "C:\Users\rahul\OneDrive\Desktop\Screener\kite_intraday_scanner.py", line 608, in api_get_pinned
AttributeError: 'NoneType' object has no attribute 'get_pinned_with_prices'
2026-03-28 20:25:13,908 - werkzeug - INFO - 192.168.1.5 - - [28/Mar/2026 20:25:13] "[35m[1mGET /api/pinned HTTP/1.1[0m" 500 -
2026-03-28 20:30:51,836 - werkzeug - INFO - 127.0.0.1 - - [28/Mar/2026 20:30:51] "GET / HTTP/1.1" 200 -
2026-03-28 20:30:51,976 - werkzeug - INFO - 127.0.0.1 - - [28/Mar/2026 20:30:51] "GET /api/status HTTP/1.1" 200 -
2026-03-28 20:30:52,069 - kite_intraday_scanner - ERROR - Exception on /api/pinned [GET]
Traceback (most recent call last):
  File "C:\Users\rahul\AppData\Local\Programs\Python\Python310\lib\site-packages\flask\app.py", line 2190, in wsgi_app
    response = self.full_dispatch_request()
  File "C:\Users\rahul\AppData\Local\Programs\Python\Python310\lib\site-packages\flask\app.py", line 1486, in full_dispatch_request
    rv = self.handle_user_exception(e)
  File "C:\Users\rahul\AppData\Local\Programs\Python\Python310\lib\site-packages\flask\app.py", line 1484, in full_dispatch_request
    rv = self.dispatch_request()
  File "C:\Users\rahul\AppData\Local\Programs\Python\Python310\lib\site-packages\flask\app.py", line 1469, in dispatch_request
    return self.ensure_sync(self.view_functions[rule.endpoint])(**view_args)
  File "C:\Users\rahul\OneDrive\Desktop\Screener\kite_intraday_scanner.py", line 525, in decorated
  File "C:\Users\rahul\OneDrive\Desktop\Screener\kite_intraday_scanner.py", line 608, in api_get_pinned
AttributeError: 'NoneType' object has no attribute 'get_pinned_with_prices'
2026-03-28 20:30:52,072 - werkzeug - INFO - 127.0.0.1 - - [28/Mar/2026 20:30:52] "[35m[1mGET /api/pinned HTTP/1.1[0m" 500 -
2026-03-28 20:31:01,334 - __main__ - ERROR - Login failed: 
2026-03-28 20:31:01,339 - werkzeug - INFO - 127.0.0.1 - - [28/Mar/2026 20:31:01] "[31m[1mPOST /api/login HTTP/1.1[0m" 401 -
